2025-09-05T09:21:12.262+05:30  INFO 14500 --- [Patient-Service] [restartedMain] [                                                 ] c.r.wipro.PatientServiceApplication      : Starting PatientServiceApplication using Java 21.0.7 with PID 14500 (D:\rushikeshGhodake75@gmail.com Capstone project\Patient-Service\target\classes started by ADMIN in D:\rushikeshGhodake75@gmail.com Capstone project\Patient-Service)
2025-09-05T09:21:12.270+05:30  INFO 14500 --- [Patient-Service] [restartedMain] [                                                 ] c.r.wipro.PatientServiceApplication      : No active profile set, falling back to 1 default profile: "default"
2025-09-05T09:21:12.338+05:30  INFO 14500 --- [Patient-Service] [restartedMain] [                                                 ] o.s.c.c.c.ConfigServerConfigDataLoader   : Fetching config from server at : http://localhost:9092
2025-09-05T09:21:12.338+05:30  INFO 14500 --- [Patient-Service] [restartedMain] [                                                 ] o.s.c.c.c.ConfigServerConfigDataLoader   : Exception on Url - http://localhost:9092:org.springframework.web.client.ResourceAccessException: I/O error on GET request for "http://localhost:9092/Patient-Service/default": Connection refused: getsockopt. Will be trying the next url if available
2025-09-05T09:21:12.339+05:30  WARN 14500 --- [Patient-Service] [restartedMain] [                                                 ] o.s.c.c.c.ConfigServerConfigDataLoader   : Could not locate PropertySource ([ConfigServerConfigDataResource@62caf136 uris = array<String>['http://localhost:9092'], optional = true, profiles = 'default']): I/O error on GET request for "http://localhost:9092/Patient-Service/default": Connection refused: getsockopt
2025-09-05T09:21:12.339+05:30  INFO 14500 --- [Patient-Service] [restartedMain] [                                                 ] o.s.c.c.c.ConfigServerConfigDataLoader   : Fetching config from server at : http://localhost:9092
2025-09-05T09:21:12.339+05:30  INFO 14500 --- [Patient-Service] [restartedMain] [                                                 ] o.s.c.c.c.ConfigServerConfigDataLoader   : Exception on Url - http://localhost:9092:org.springframework.web.client.ResourceAccessException: I/O error on GET request for "http://localhost:9092/Patient-Service/default": Connection refused: getsockopt. Will be trying the next url if available
2025-09-05T09:21:12.339+05:30  WARN 14500 --- [Patient-Service] [restartedMain] [                                                 ] o.s.c.c.c.ConfigServerConfigDataLoader   : Could not locate PropertySource ([ConfigServerConfigDataResource@e569843 uris = array<String>['http://localhost:9092'], optional = true, profiles = 'default']): I/O error on GET request for "http://localhost:9092/Patient-Service/default": Connection refused: getsockopt
2025-09-05T09:21:12.339+05:30  INFO 14500 --- [Patient-Service] [restartedMain] [                                                 ] o.s.c.c.c.ConfigServerConfigDataLoader   : Fetching config from server at : http://localhost:9092
2025-09-05T09:21:12.339+05:30  INFO 14500 --- [Patient-Service] [restartedMain] [                                                 ] o.s.c.c.c.ConfigServerConfigDataLoader   : Exception on Url - http://localhost:9092:org.springframework.web.client.ResourceAccessException: I/O error on GET request for "http://localhost:9092/Patient-Service/default": Connection refused: getsockopt. Will be trying the next url if available
2025-09-05T09:21:12.339+05:30  WARN 14500 --- [Patient-Service] [restartedMain] [                                                 ] o.s.c.c.c.ConfigServerConfigDataLoader   : Could not locate PropertySource ([ConfigServerConfigDataResource@34a65370 uris = array<String>['http://localhost:9092'], optional = true, profiles = 'default']): I/O error on GET request for "http://localhost:9092/Patient-Service/default": Connection refused: getsockopt
2025-09-05T09:21:12.341+05:30  INFO 14500 --- [Patient-Service] [restartedMain] [                                                 ] .e.DevToolsPropertyDefaultsPostProcessor : Devtools property defaults active! Set 'spring.devtools.add-properties' to 'false' to disable
2025-09-05T09:21:12.341+05:30  INFO 14500 --- [Patient-Service] [restartedMain] [                                                 ] .e.DevToolsPropertyDefaultsPostProcessor : For additional web related logging consider setting the 'logging.level.web' property to 'DEBUG'
2025-09-05T09:21:14.345+05:30  INFO 14500 --- [Patient-Service] [restartedMain] [                                                 ] .s.d.r.c.RepositoryConfigurationDelegate : Bootstrapping Spring Data JPA repositories in DEFAULT mode.
2025-09-05T09:21:14.567+05:30  INFO 14500 --- [Patient-Service] [restartedMain] [                                                 ] .s.d.r.c.RepositoryConfigurationDelegate : Finished Spring Data repository scanning in 209 ms. Found 1 JPA repository interface.
2025-09-05T09:21:15.166+05:30  INFO 14500 --- [Patient-Service] [restartedMain] [                                                 ] o.s.cloud.context.scope.GenericScope     : BeanFactory id=633cc030-eb27-38e6-bceb-382e5cc70131
2025-09-05T09:21:16.384+05:30  INFO 14500 --- [Patient-Service] [restartedMain] [                                                 ] o.s.b.w.embedded.tomcat.TomcatWebServer  : Tomcat initialized with port 8082 (http)
2025-09-05T09:21:16.410+05:30  INFO 14500 --- [Patient-Service] [restartedMain] [                                                 ] o.apache.catalina.core.StandardService   : Starting service [Tomcat]
2025-09-05T09:21:16.411+05:30  INFO 14500 --- [Patient-Service] [restartedMain] [                                                 ] o.apache.catalina.core.StandardEngine    : Starting Servlet engine: [Apache Tomcat/10.1.44]
2025-09-05T09:21:16.485+05:30  INFO 14500 --- [Patient-Service] [restartedMain] [                                                 ] o.a.c.c.C.[Tomcat].[localhost].[/]       : Initializing Spring embedded WebApplicationContext
2025-09-05T09:21:16.486+05:30  INFO 14500 --- [Patient-Service] [restartedMain] [                                                 ] w.s.c.ServletWebServerApplicationContext : Root WebApplicationContext: initialization completed in 4143 ms
2025-09-05T09:21:18.812+05:30  INFO 14500 --- [Patient-Service] [restartedMain] [                                                 ] c.n.d.provider.DiscoveryJerseyProvider   : Using JSON encoding codec LegacyJacksonJson
2025-09-05T09:21:18.814+05:30  INFO 14500 --- [Patient-Service] [restartedMain] [                                                 ] c.n.d.provider.DiscoveryJerseyProvider   : Using JSON decoding codec LegacyJacksonJson
2025-09-05T09:21:19.170+05:30  INFO 14500 --- [Patient-Service] [restartedMain] [                                                 ] c.n.d.provider.DiscoveryJerseyProvider   : Using XML encoding codec XStreamXml
2025-09-05T09:21:19.170+05:30  INFO 14500 --- [Patient-Service] [restartedMain] [                                                 ] c.n.d.provider.DiscoveryJerseyProvider   : Using XML decoding codec XStreamXml
2025-09-05T09:21:20.530+05:30  INFO 14500 --- [Patient-Service] [restartedMain] [                                                 ] o.hibernate.jpa.internal.util.LogHelper  : HHH000204: Processing PersistenceUnitInfo [name: default]
2025-09-05T09:21:21.068+05:30  INFO 14500 --- [Patient-Service] [restartedMain] [                                                 ] org.hibernate.Version                    : HHH000412: Hibernate ORM core version 6.6.26.Final
2025-09-05T09:21:21.246+05:30  INFO 14500 --- [Patient-Service] [restartedMain] [                                                 ] o.h.c.internal.RegionFactoryInitiator    : HHH000026: Second-level cache disabled
2025-09-05T09:21:22.173+05:30  INFO 14500 --- [Patient-Service] [restartedMain] [                                                 ] o.s.o.j.p.SpringPersistenceUnitInfo      : No LoadTimeWeaver setup: ignoring JPA class transformer
2025-09-05T09:21:22.261+05:30  INFO 14500 --- [Patient-Service] [restartedMain] [                                                 ] com.zaxxer.hikari.HikariDataSource       : HikariPool-1 - Starting...
2025-09-05T09:21:22.922+05:30  INFO 14500 --- [Patient-Service] [restartedMain] [                                                 ] com.zaxxer.hikari.pool.HikariPool        : HikariPool-1 - Added connection com.mysql.cj.jdbc.ConnectionImpl@4cf5f2fb
2025-09-05T09:21:22.927+05:30  INFO 14500 --- [Patient-Service] [restartedMain] [                                                 ] com.zaxxer.hikari.HikariDataSource       : HikariPool-1 - Start completed.
2025-09-05T09:21:23.052+05:30  WARN 14500 --- [Patient-Service] [restartedMain] [                                                 ] org.hibernate.orm.deprecation            : HHH90000025: MySQLDialect does not need to be specified explicitly using 'hibernate.dialect' (remove the property setting and it will be selected by default)
2025-09-05T09:21:23.102+05:30  INFO 14500 --- [Patient-Service] [restartedMain] [                                                 ] org.hibernate.orm.connections.pooling    : HHH10001005: Database info:
	Database JDBC URL [Connecting through datasource 'HikariDataSource (HikariPool-1)']
	Database driver: undefined/unknown
	Database version: 8.0.43
	Autocommit mode: undefined/unknown
	Isolation level: undefined/unknown
	Minimum pool size: undefined/unknown
	Maximum pool size: undefined/unknown
2025-09-05T09:21:25.948+05:30  INFO 14500 --- [Patient-Service] [restartedMain] [                                                 ] o.h.e.t.j.p.i.JtaPlatformInitiator       : HHH000489: No JTA platform available (set 'hibernate.transaction.jta.platform' to enable JTA platform integration)
2025-09-05T09:21:26.100+05:30  INFO 14500 --- [Patient-Service] [restartedMain] [                                                 ] j.LocalContainerEntityManagerFactoryBean : Initialized JPA EntityManagerFactory for persistence unit 'default'
2025-09-05T09:21:27.688+05:30  WARN 14500 --- [Patient-Service] [restartedMain] [                                                 ] JpaBaseConfiguration$JpaWebConfiguration : spring.jpa.open-in-view is enabled by default. Therefore, database queries may be performed during view rendering. Explicitly configure spring.jpa.open-in-view to disable this warning
2025-09-05T09:21:34.012+05:30  WARN 14500 --- [Patient-Service] [restartedMain] [                                                 ] o.s.b.d.a.OptionalLiveReloadServer       : Unable to start LiveReload server
2025-09-05T09:21:34.700+05:30  WARN 14500 --- [Patient-Service] [restartedMain] [                                                 ] iguration$LoadBalancerCaffeineWarnLogger : Spring Cloud LoadBalancer is currently working with the default cache. While this cache implementation is useful for development and tests, it's recommended to use Caffeine cache in production.You can switch to using Caffeine cache, by adding it and org.springframework.cache.caffeine.CaffeineCacheManager to the classpath.
2025-09-05T09:21:34.838+05:30  INFO 14500 --- [Patient-Service] [restartedMain] [                                                 ] o.s.c.n.eureka.InstanceInfoFactory       : Setting initial instance status as: STARTING
2025-09-05T09:21:34.912+05:30  INFO 14500 --- [Patient-Service] [restartedMain] [                                                 ] com.netflix.discovery.DiscoveryClient    : Initializing Eureka in region us-east-1
2025-09-05T09:21:34.958+05:30  INFO 14500 --- [Patient-Service] [restartedMain] [                                                 ] c.n.d.provider.DiscoveryJerseyProvider   : Using JSON encoding codec LegacyJacksonJson
2025-09-05T09:21:34.958+05:30  INFO 14500 --- [Patient-Service] [restartedMain] [                                                 ] c.n.d.provider.DiscoveryJerseyProvider   : Using JSON decoding codec LegacyJacksonJson
2025-09-05T09:21:34.958+05:30  INFO 14500 --- [Patient-Service] [restartedMain] [                                                 ] c.n.d.provider.DiscoveryJerseyProvider   : Using XML encoding codec XStreamXml
2025-09-05T09:21:34.959+05:30  INFO 14500 --- [Patient-Service] [restartedMain] [                                                 ] c.n.d.provider.DiscoveryJerseyProvider   : Using XML decoding codec XStreamXml
2025-09-05T09:21:34.992+05:30  INFO 14500 --- [Patient-Service] [restartedMain] [                                                 ] c.n.d.s.r.aws.ConfigClusterResolver      : Resolving eureka endpoints via configuration
2025-09-05T09:21:35.041+05:30  INFO 14500 --- [Patient-Service] [restartedMain] [                                                 ] com.netflix.discovery.DiscoveryClient    : Disable delta property : false
2025-09-05T09:21:35.042+05:30  INFO 14500 --- [Patient-Service] [restartedMain] [                                                 ] com.netflix.discovery.DiscoveryClient    : Single vip registry refresh property : null
2025-09-05T09:21:35.042+05:30  INFO 14500 --- [Patient-Service] [restartedMain] [                                                 ] com.netflix.discovery.DiscoveryClient    : Force full registry fetch : false
2025-09-05T09:21:35.042+05:30  INFO 14500 --- [Patient-Service] [restartedMain] [                                                 ] com.netflix.discovery.DiscoveryClient    : Application is null : false
2025-09-05T09:21:35.042+05:30  INFO 14500 --- [Patient-Service] [restartedMain] [                                                 ] com.netflix.discovery.DiscoveryClient    : Registered Applications size is zero : true
2025-09-05T09:21:35.042+05:30  INFO 14500 --- [Patient-Service] [restartedMain] [                                                 ] com.netflix.discovery.DiscoveryClient    : Application version is -1: true
2025-09-05T09:21:35.042+05:30  INFO 14500 --- [Patient-Service] [restartedMain] [                                                 ] com.netflix.discovery.DiscoveryClient    : Getting all instance registry info from the eureka server
2025-09-05T09:21:35.400+05:30  INFO 14500 --- [Patient-Service] [restartedMain] [                                                 ] com.netflix.discovery.DiscoveryClient    : The response status is 200
2025-09-05T09:21:35.405+05:30  INFO 14500 --- [Patient-Service] [restartedMain] [                                                 ] com.netflix.discovery.DiscoveryClient    : Starting heartbeat executor: renew interval is: 30
2025-09-05T09:21:35.413+05:30  INFO 14500 --- [Patient-Service] [restartedMain] [                                                 ] c.n.discovery.InstanceInfoReplicator     : InstanceInfoReplicator onDemand update allowed rate per min is 4
2025-09-05T09:21:35.418+05:30  INFO 14500 --- [Patient-Service] [restartedMain] [                                                 ] com.netflix.discovery.DiscoveryClient    : Discovery Client initialized at timestamp 1757044295417 with initial instances count: 2
2025-09-05T09:21:35.681+05:30  INFO 14500 --- [Patient-Service] [restartedMain] [                                                 ] c.n.eureka.DefaultEurekaServerContext    : Initializing ...
2025-09-05T09:21:35.688+05:30  INFO 14500 --- [Patient-Service] [restartedMain] [                                                 ] c.n.eureka.cluster.PeerEurekaNodes       : Adding new peer nodes [http://localhost:8761/eureka/]
2025-09-05T09:21:35.809+05:30  INFO 14500 --- [Patient-Service] [restartedMain] [                                                 ] c.n.d.provider.DiscoveryJerseyProvider   : Using JSON encoding codec LegacyJacksonJson
2025-09-05T09:21:35.809+05:30  INFO 14500 --- [Patient-Service] [restartedMain] [                                                 ] c.n.d.provider.DiscoveryJerseyProvider   : Using JSON decoding codec LegacyJacksonJson
2025-09-05T09:21:35.810+05:30  INFO 14500 --- [Patient-Service] [restartedMain] [                                                 ] c.n.d.provider.DiscoveryJerseyProvider   : Using XML encoding codec XStreamXml
2025-09-05T09:21:35.810+05:30  INFO 14500 --- [Patient-Service] [restartedMain] [                                                 ] c.n.d.provider.DiscoveryJerseyProvider   : Using XML decoding codec XStreamXml
2025-09-05T09:21:36.047+05:30  INFO 14500 --- [Patient-Service] [restartedMain] [                                                 ] c.n.eureka.cluster.PeerEurekaNodes       : Replica node URL:  http://localhost:8761/eureka/
2025-09-05T09:21:36.090+05:30  INFO 14500 --- [Patient-Service] [restartedMain] [                                                 ] c.n.e.registry.AbstractInstanceRegistry  : Finished initializing remote region registries. All known remote regions: []
2025-09-05T09:21:36.091+05:30  INFO 14500 --- [Patient-Service] [restartedMain] [                                                 ] c.n.eureka.DefaultEurekaServerContext    : Initialized
2025-09-05T09:21:36.246+05:30  INFO 14500 --- [Patient-Service] [restartedMain] [                                                 ] o.s.b.a.e.web.EndpointLinksResolver      : Exposing 3 endpoints beneath base path '/actuator'
2025-09-05T09:21:36.647+05:30  INFO 14500 --- [Patient-Service] [restartedMain] [                                                 ] o.s.c.n.e.s.EurekaServiceRegistry        : Registering application PATIENT-SERVICE with eureka with status UP
2025-09-05T09:21:36.650+05:30  INFO 14500 --- [Patient-Service] [restartedMain] [                                                 ] com.netflix.discovery.DiscoveryClient    : Saw local status change event StatusChangeEvent [timestamp=1757044296650, current=UP, previous=STARTING]
2025-09-05T09:21:36.654+05:30  INFO 14500 --- [Patient-Service] [DiscoveryClient-InstanceInfoReplicator-%d] [                                                 ] com.netflix.discovery.DiscoveryClient    : DiscoveryClient_PATIENT-SERVICE/DESKTOP-15PIHQA.lan:Patient-Service:8082: registering service...
2025-09-05T09:21:36.689+05:30  INFO 14500 --- [Patient-Service] [Thread-14] [                                                 ] o.s.c.n.e.server.EurekaServerBootstrap   : isAws returned false
2025-09-05T09:21:36.690+05:30  INFO 14500 --- [Patient-Service] [Thread-14] [                                                 ] o.s.c.n.e.server.EurekaServerBootstrap   : Initialized server context
2025-09-05T09:21:36.711+05:30  INFO 14500 --- [Patient-Service] [Thread-14] [                                                 ] c.n.e.registry.AbstractInstanceRegistry  : Registered instance CONFIG-SERVER/DESKTOP-15PIHQA.lan:Config-Server:8888 with status UP (replication=true)
2025-09-05T09:21:36.732+05:30  INFO 14500 --- [Patient-Service] [Thread-14] [                                                 ] c.n.e.registry.AbstractInstanceRegistry  : Registered instance DOCTOR-SERVICE/DESKTOP-15PIHQA.lan:Doctor-Service:8081 with status UP (replication=true)
2025-09-05T09:21:36.740+05:30  INFO 14500 --- [Patient-Service] [DiscoveryClient-InstanceInfoReplicator-%d] [                                                 ] com.netflix.discovery.DiscoveryClient    : DiscoveryClient_PATIENT-SERVICE/DESKTOP-15PIHQA.lan:Patient-Service:8082 - registration status: 204
2025-09-05T09:21:36.741+05:30  INFO 14500 --- [Patient-Service] [Thread-14] [                                                 ] c.n.e.r.PeerAwareInstanceRegistryImpl    : Got 2 instances from neighboring DS node
2025-09-05T09:21:36.741+05:30  INFO 14500 --- [Patient-Service] [Thread-14] [                                                 ] c.n.e.r.PeerAwareInstanceRegistryImpl    : Renew threshold is: 3
2025-09-05T09:21:36.742+05:30  INFO 14500 --- [Patient-Service] [Thread-14] [                                                 ] c.n.e.r.PeerAwareInstanceRegistryImpl    : Changing status to UP
2025-09-05T09:21:36.742+05:30  INFO 14500 --- [Patient-Service] [Thread-14] [                                                 ] e.s.EurekaServerInitializerConfiguration : Started Eureka Server
2025-09-05T09:21:36.914+05:30  INFO 14500 --- [Patient-Service] [restartedMain] [                                                 ] o.s.b.w.embedded.tomcat.TomcatWebServer  : Tomcat started on port 8082 (http) with context path '/'
2025-09-05T09:21:36.916+05:30  INFO 14500 --- [Patient-Service] [restartedMain] [                                                 ] .s.c.n.e.s.EurekaAutoServiceRegistration : Updating port to 8082
2025-09-05T09:21:36.972+05:30  INFO 14500 --- [Patient-Service] [restartedMain] [                                                 ] c.r.wipro.PatientServiceApplication      : Started PatientServiceApplication in 25.684 seconds (process running for 26.898)
2025-09-05T09:21:37.457+05:30  INFO 14500 --- [Patient-Service] [RMI TCP Connection(10)-127.0.0.1] [                                                 ] o.a.c.c.C.[Tomcat].[localhost].[/]       : Initializing Spring DispatcherServlet 'dispatcherServlet'
2025-09-05T09:21:37.458+05:30  INFO 14500 --- [Patient-Service] [RMI TCP Connection(10)-127.0.0.1] [                                                 ] o.s.web.servlet.DispatcherServlet        : Initializing Servlet 'dispatcherServlet'
2025-09-05T09:21:37.463+05:30  INFO 14500 --- [Patient-Service] [RMI TCP Connection(10)-127.0.0.1] [                                                 ] o.s.web.servlet.DispatcherServlet        : Completed initialization in 5 ms
2025-09-05T09:22:36.744+05:30  INFO 14500 --- [Patient-Service] [Eureka-EvictionTimer] [                                                 ] c.n.e.registry.AbstractInstanceRegistry  : Running the evict task with compensationTime 0ms
2025-09-05T09:23:36.750+05:30  INFO 14500 --- [Patient-Service] [Eureka-EvictionTimer] [                                                 ] c.n.e.registry.AbstractInstanceRegistry  : Running the evict task with compensationTime 6ms
2025-09-05T09:24:36.751+05:30  INFO 14500 --- [Patient-Service] [Eureka-EvictionTimer] [                                                 ] c.n.e.registry.AbstractInstanceRegistry  : Running the evict task with compensationTime 0ms
2025-09-05T09:25:36.761+05:30  INFO 14500 --- [Patient-Service] [Eureka-EvictionTimer] [                                                 ] c.n.e.registry.AbstractInstanceRegistry  : Running the evict task with compensationTime 10ms
2025-09-05T09:26:35.059+05:30  INFO 14500 --- [Patient-Service] [AsyncResolver-bootstrap-executor-%d] [                                                 ] c.n.d.s.r.aws.ConfigClusterResolver      : Resolving eureka endpoints via configuration
2025-09-05T09:26:36.769+05:30  INFO 14500 --- [Patient-Service] [Eureka-EvictionTimer] [                                                 ] c.n.e.registry.AbstractInstanceRegistry  : Running the evict task with compensationTime 9ms
2025-09-05T09:27:36.784+05:30  INFO 14500 --- [Patient-Service] [Eureka-EvictionTimer] [                                                 ] c.n.e.registry.AbstractInstanceRegistry  : Running the evict task with compensationTime 14ms
2025-09-05T09:28:36.797+05:30  INFO 14500 --- [Patient-Service] [Eureka-EvictionTimer] [                                                 ] c.n.e.registry.AbstractInstanceRegistry  : Running the evict task with compensationTime 12ms
2025-09-05T09:29:36.813+05:30  INFO 14500 --- [Patient-Service] [Eureka-EvictionTimer] [                                                 ] c.n.e.registry.AbstractInstanceRegistry  : Running the evict task with compensationTime 16ms
2025-09-05T09:30:36.822+05:30  INFO 14500 --- [Patient-Service] [Eureka-EvictionTimer] [                                                 ] c.n.e.registry.AbstractInstanceRegistry  : Running the evict task with compensationTime 8ms
2025-09-05T09:31:35.068+05:30  INFO 14500 --- [Patient-Service] [AsyncResolver-bootstrap-executor-%d] [                                                 ] c.n.d.s.r.aws.ConfigClusterResolver      : Resolving eureka endpoints via configuration
2025-09-05T09:31:36.832+05:30  INFO 14500 --- [Patient-Service] [Eureka-EvictionTimer] [                                                 ] c.n.e.registry.AbstractInstanceRegistry  : Running the evict task with compensationTime 10ms
2025-09-05T09:32:36.841+05:30  INFO 14500 --- [Patient-Service] [Eureka-EvictionTimer] [                                                 ] c.n.e.registry.AbstractInstanceRegistry  : Running the evict task with compensationTime 8ms
2025-09-05T09:33:36.845+05:30  INFO 14500 --- [Patient-Service] [Eureka-EvictionTimer] [                                                 ] c.n.e.registry.AbstractInstanceRegistry  : Running the evict task with compensationTime 4ms
2025-09-05T09:34:36.847+05:30  INFO 14500 --- [Patient-Service] [Eureka-EvictionTimer] [                                                 ] c.n.e.registry.AbstractInstanceRegistry  : Running the evict task with compensationTime 1ms
2025-09-05T09:35:36.860+05:30  INFO 14500 --- [Patient-Service] [Eureka-EvictionTimer] [                                                 ] c.n.e.registry.AbstractInstanceRegistry  : Running the evict task with compensationTime 12ms
2025-09-05T09:36:35.083+05:30  INFO 14500 --- [Patient-Service] [AsyncResolver-bootstrap-executor-%d] [                                                 ] c.n.d.s.r.aws.ConfigClusterResolver      : Resolving eureka endpoints via configuration
2025-09-05T09:36:36.102+05:30  INFO 14500 --- [Patient-Service] [ReplicaAwareInstanceRegistry - RenewalThresholdUpdater] [                                                 ] c.n.e.r.PeerAwareInstanceRegistryImpl    : Current renewal threshold is : 11
2025-09-05T09:36:36.866+05:30  INFO 14500 --- [Patient-Service] [Eureka-EvictionTimer] [                                                 ] c.n.e.registry.AbstractInstanceRegistry  : Running the evict task with compensationTime 5ms
2025-09-05T09:37:36.866+05:30  INFO 14500 --- [Patient-Service] [Eureka-EvictionTimer] [                                                 ] c.n.e.registry.AbstractInstanceRegistry  : Running the evict task with compensationTime 0ms
2025-09-05T09:38:36.867+05:30  INFO 14500 --- [Patient-Service] [Eureka-EvictionTimer] [                                                 ] c.n.e.registry.AbstractInstanceRegistry  : Running the evict task with compensationTime 0ms
2025-09-05T09:39:36.867+05:30  INFO 14500 --- [Patient-Service] [Eureka-EvictionTimer] [                                                 ] c.n.e.registry.AbstractInstanceRegistry  : Running the evict task with compensationTime 0ms
2025-09-05T09:40:36.867+05:30  INFO 14500 --- [Patient-Service] [Eureka-EvictionTimer] [                                                 ] c.n.e.registry.AbstractInstanceRegistry  : Running the evict task with compensationTime 0ms
2025-09-05T09:41:35.086+05:30  INFO 14500 --- [Patient-Service] [AsyncResolver-bootstrap-executor-%d] [                                                 ] c.n.d.s.r.aws.ConfigClusterResolver      : Resolving eureka endpoints via configuration
2025-09-05T09:41:36.868+05:30  INFO 14500 --- [Patient-Service] [Eureka-EvictionTimer] [                                                 ] c.n.e.registry.AbstractInstanceRegistry  : Running the evict task with compensationTime 0ms
2025-09-05T09:42:36.868+05:30  INFO 14500 --- [Patient-Service] [Eureka-EvictionTimer] [                                                 ] c.n.e.registry.AbstractInstanceRegistry  : Running the evict task with compensationTime 0ms
2025-09-05T09:43:36.868+05:30  INFO 14500 --- [Patient-Service] [Eureka-EvictionTimer] [                                                 ] c.n.e.registry.AbstractInstanceRegistry  : Running the evict task with compensationTime 0ms
2025-09-05T09:44:36.871+05:30  INFO 14500 --- [Patient-Service] [Eureka-EvictionTimer] [                                                 ] c.n.e.registry.AbstractInstanceRegistry  : Running the evict task with compensationTime 0ms
2025-09-05T09:45:36.869+05:30  INFO 14500 --- [Patient-Service] [Eureka-EvictionTimer] [                                                 ] c.n.e.registry.AbstractInstanceRegistry  : Running the evict task with compensationTime 0ms
2025-09-05T09:46:35.088+05:30  INFO 14500 --- [Patient-Service] [AsyncResolver-bootstrap-executor-%d] [                                                 ] c.n.d.s.r.aws.ConfigClusterResolver      : Resolving eureka endpoints via configuration
2025-09-05T09:46:36.869+05:30  INFO 14500 --- [Patient-Service] [Eureka-EvictionTimer] [                                                 ] c.n.e.registry.AbstractInstanceRegistry  : Running the evict task with compensationTime 0ms
2025-09-05T09:47:36.869+05:30  INFO 14500 --- [Patient-Service] [Eureka-EvictionTimer] [                                                 ] c.n.e.registry.AbstractInstanceRegistry  : Running the evict task with compensationTime 0ms
2025-09-05T09:48:36.869+05:30  INFO 14500 --- [Patient-Service] [Eureka-EvictionTimer] [                                                 ] c.n.e.registry.AbstractInstanceRegistry  : Running the evict task with compensationTime 0ms
2025-09-05T09:48:51.288+05:30  INFO 14500 --- [Patient-Service] [RMI TCP Connection(44)-127.0.0.1] [                                                 ] inMXBeanRegistrar$SpringApplicationAdmin : Application shutdown requested.
2025-09-05T09:48:51.311+05:30  INFO 14500 --- [Patient-Service] [RMI TCP Connection(44)-127.0.0.1] [                                                 ] o.s.c.n.e.s.EurekaServiceRegistry        : Unregistering application PATIENT-SERVICE with eureka with status DOWN
2025-09-05T09:48:51.312+05:30  INFO 14500 --- [Patient-Service] [RMI TCP Connection(44)-127.0.0.1] [                                                 ] com.netflix.discovery.DiscoveryClient    : Saw local status change event StatusChangeEvent [timestamp=1757045931312, current=DOWN, previous=UP]
2025-09-05T09:48:51.313+05:30  INFO 14500 --- [Patient-Service] [DiscoveryClient-InstanceInfoReplicator-%d] [                                                 ] com.netflix.discovery.DiscoveryClient    : DiscoveryClient_PATIENT-SERVICE/DESKTOP-15PIHQA.lan:Patient-Service:8082: registering service...
2025-09-05T09:48:51.352+05:30  INFO 14500 --- [Patient-Service] [RMI TCP Connection(44)-127.0.0.1] [                                                 ] o.s.b.w.e.tomcat.GracefulShutdown        : Commencing graceful shutdown. Waiting for active requests to complete
2025-09-05T09:48:51.363+05:30  INFO 14500 --- [Patient-Service] [DiscoveryClient-InstanceInfoReplicator-%d] [                                                 ] c.n.d.s.t.d.RedirectingEurekaHttpClient  : Request execution error. endpoint=DefaultEndpoint{ serviceUrl='http://localhost:8761/eureka/} exception=java.net.ConnectException: Connection refused: getsockopt stacktrace=jakarta.ws.rs.ProcessingException: java.net.ConnectException: Connection refused: getsockopt
	at org.glassfish.jersey.client.internal.HttpUrlConnector.apply(HttpUrlConnector.java:288)
	at org.glassfish.jersey.client.ClientRuntime.invoke(ClientRuntime.java:300)
	at org.glassfish.jersey.client.JerseyInvocation.lambda$invoke$0(JerseyInvocation.java:674)
	at org.glassfish.jersey.client.JerseyInvocation.call(JerseyInvocation.java:709)
	at org.glassfish.jersey.client.JerseyInvocation.lambda$runInScope$3(JerseyInvocation.java:703)
	at org.glassfish.jersey.internal.Errors.process(Errors.java:292)
	at org.glassfish.jersey.internal.Errors.process(Errors.java:274)
	at org.glassfish.jersey.internal.Errors.process(Errors.java:205)
	at org.glassfish.jersey.process.internal.RequestScope.runInScope(RequestScope.java:391)
	at org.glassfish.jersey.client.JerseyInvocation.runInScope(JerseyInvocation.java:703)
	at org.glassfish.jersey.client.JerseyInvocation.invoke(JerseyInvocation.java:673)
	at org.glassfish.jersey.client.JerseyInvocation$Builder.method(JerseyInvocation.java:439)
	at org.glassfish.jersey.client.JerseyInvocation$Builder.post(JerseyInvocation.java:345)
	at com.netflix.discovery.shared.transport.jersey3.AbstractJersey3EurekaHttpClient.register(AbstractJersey3EurekaHttpClient.java:99)
	at com.netflix.discovery.shared.transport.decorator.EurekaHttpClientDecorator$1.execute(EurekaHttpClientDecorator.java:59)
	at com.netflix.discovery.shared.transport.decorator.MetricsCollectingEurekaHttpClient.execute(MetricsCollectingEurekaHttpClient.java:70)
	at com.netflix.discovery.shared.transport.decorator.EurekaHttpClientDecorator.register(EurekaHttpClientDecorator.java:56)
	at com.netflix.discovery.shared.transport.decorator.EurekaHttpClientDecorator$1.execute(EurekaHttpClientDecorator.java:59)
	at com.netflix.discovery.shared.transport.decorator.RedirectingEurekaHttpClient.execute(RedirectingEurekaHttpClient.java:91)
	at com.netflix.discovery.shared.transport.decorator.EurekaHttpClientDecorator.register(EurekaHttpClientDecorator.java:56)
	at com.netflix.discovery.shared.transport.decorator.EurekaHttpClientDecorator$1.execute(EurekaHttpClientDecorator.java:59)
	at com.netflix.discovery.shared.transport.decorator.RetryableEurekaHttpClient.execute(RetryableEurekaHttpClient.java:120)
	at com.netflix.discovery.shared.transport.decorator.EurekaHttpClientDecorator.register(EurekaHttpClientDecorator.java:56)
	at com.netflix.discovery.shared.transport.decorator.EurekaHttpClientDecorator$1.execute(EurekaHttpClientDecorator.java:59)
	at com.netflix.discovery.shared.transport.decorator.SessionedEurekaHttpClient.execute(SessionedEurekaHttpClient.java:76)
	at com.netflix.discovery.shared.transport.decorator.EurekaHttpClientDecorator.register(EurekaHttpClientDecorator.java:56)
	at com.netflix.discovery.DiscoveryClient.register(DiscoveryClient.java:828)
	at com.netflix.discovery.InstanceInfoReplicator.run(InstanceInfoReplicator.java:125)
	at com.netflix.discovery.InstanceInfoReplicator$2.run(InstanceInfoReplicator.java:105)
	at java.base/java.util.concurrent.Executors$RunnableAdapter.call(Executors.java:572)
	at java.base/java.util.concurrent.FutureTask.run(FutureTask.java:317)
	at java.base/java.util.concurrent.ScheduledThreadPoolExecutor$ScheduledFutureTask.run(ScheduledThreadPoolExecutor.java:304)
	at java.base/java.util.concurrent.ThreadPoolExecutor.runWorker(ThreadPoolExecutor.java:1144)
	at java.base/java.util.concurrent.ThreadPoolExecutor$Worker.run(ThreadPoolExecutor.java:642)
	at java.base/java.lang.Thread.run(Thread.java:1583)
Caused by: java.net.ConnectException: Connection refused: getsockopt
	at java.base/sun.nio.ch.Net.pollConnect(Native Method)
	at java.base/sun.nio.ch.Net.pollConnectNow(Net.java:682)
	at java.base/sun.nio.ch.NioSocketImpl.timedFinishConnect(NioSocketImpl.java:542)
	at java.base/sun.nio.ch.NioSocketImpl.connect(NioSocketImpl.java:592)
	at java.base/java.net.Socket.connect(Socket.java:751)
	at java.base/sun.net.NetworkClient.doConnect(NetworkClient.java:178)
	at java.base/sun.net.www.http.HttpClient.openServer(HttpClient.java:531)
	at java.base/sun.net.www.http.HttpClient.openServer(HttpClient.java:636)
	at java.base/sun.net.www.http.HttpClient.<init>(HttpClient.java:280)
	at java.base/sun.net.www.http.HttpClient.New(HttpClient.java:386)
	at java.base/sun.net.www.http.HttpClient.New(HttpClient.java:422)
	at java.base/sun.net.www.protocol.http.HttpURLConnection.setNewClient(HttpURLConnection.java:841)
	at java.base/sun.net.www.protocol.http.HttpURLConnection.setNewClient(HttpURLConnection.java:829)
	at java.base/sun.net.www.protocol.http.HttpURLConnection.writeRequests(HttpURLConnection.java:769)
	at java.base/sun.net.www.protocol.http.HttpURLConnection.getInputStream0(HttpURLConnection.java:1703)
	at java.base/sun.net.www.protocol.http.HttpURLConnection.getInputStream(HttpURLConnection.java:1614)
	at java.base/java.net.HttpURLConnection.getResponseCode(HttpURLConnection.java:531)
	at org.glassfish.jersey.client.internal.HttpUrlConnector._apply(HttpUrlConnector.java:453)
	at org.glassfish.jersey.client.internal.HttpUrlConnector.apply(HttpUrlConnector.java:286)
	... 34 more

2025-09-05T09:48:51.363+05:30  WARN 14500 --- [Patient-Service] [DiscoveryClient-InstanceInfoReplicator-%d] [                                                 ] c.n.d.s.t.d.RetryableEurekaHttpClient    : Request execution failed with message: java.net.ConnectException: Connection refused: getsockopt
2025-09-05T09:48:51.375+05:30  INFO 14500 --- [Patient-Service] [DiscoveryClient-InstanceInfoReplicator-%d] [                                                 ] c.n.d.s.t.d.RedirectingEurekaHttpClient  : Request execution error. endpoint=DefaultEndpoint{ serviceUrl='http://localhost:8761/eureka/}, exception=java.net.ConnectException: Connection refused: getsockopt stacktrace=jakarta.ws.rs.ProcessingException: java.net.ConnectException: Connection refused: getsockopt
	at org.glassfish.jersey.client.internal.HttpUrlConnector.apply(HttpUrlConnector.java:288)
	at org.glassfish.jersey.client.ClientRuntime.invoke(ClientRuntime.java:300)
	at org.glassfish.jersey.client.JerseyInvocation.lambda$invoke$0(JerseyInvocation.java:674)
	at org.glassfish.jersey.client.JerseyInvocation.call(JerseyInvocation.java:709)
	at org.glassfish.jersey.client.JerseyInvocation.lambda$runInScope$3(JerseyInvocation.java:703)
	at org.glassfish.jersey.internal.Errors.process(Errors.java:292)
	at org.glassfish.jersey.internal.Errors.process(Errors.java:274)
	at org.glassfish.jersey.internal.Errors.process(Errors.java:205)
	at org.glassfish.jersey.process.internal.RequestScope.runInScope(RequestScope.java:391)
	at org.glassfish.jersey.client.JerseyInvocation.runInScope(JerseyInvocation.java:703)
	at org.glassfish.jersey.client.JerseyInvocation.invoke(JerseyInvocation.java:673)
	at org.glassfish.jersey.client.JerseyInvocation$Builder.method(JerseyInvocation.java:439)
	at org.glassfish.jersey.client.JerseyInvocation$Builder.post(JerseyInvocation.java:345)
	at com.netflix.discovery.shared.transport.jersey3.AbstractJersey3EurekaHttpClient.register(AbstractJersey3EurekaHttpClient.java:99)
	at com.netflix.discovery.shared.transport.decorator.EurekaHttpClientDecorator$1.execute(EurekaHttpClientDecorator.java:59)
	at com.netflix.discovery.shared.transport.decorator.MetricsCollectingEurekaHttpClient.execute(MetricsCollectingEurekaHttpClient.java:70)
	at com.netflix.discovery.shared.transport.decorator.EurekaHttpClientDecorator.register(EurekaHttpClientDecorator.java:56)
	at com.netflix.discovery.shared.transport.decorator.EurekaHttpClientDecorator$1.execute(EurekaHttpClientDecorator.java:59)
	at com.netflix.discovery.shared.transport.decorator.RedirectingEurekaHttpClient.executeOnNewServer(RedirectingEurekaHttpClient.java:121)
	at com.netflix.discovery.shared.transport.decorator.RedirectingEurekaHttpClient.execute(RedirectingEurekaHttpClient.java:80)
	at com.netflix.discovery.shared.transport.decorator.EurekaHttpClientDecorator.register(EurekaHttpClientDecorator.java:56)
	at com.netflix.discovery.shared.transport.decorator.EurekaHttpClientDecorator$1.execute(EurekaHttpClientDecorator.java:59)
	at com.netflix.discovery.shared.transport.decorator.RetryableEurekaHttpClient.execute(RetryableEurekaHttpClient.java:120)
	at com.netflix.discovery.shared.transport.decorator.EurekaHttpClientDecorator.register(EurekaHttpClientDecorator.java:56)
	at com.netflix.discovery.shared.transport.decorator.EurekaHttpClientDecorator$1.execute(EurekaHttpClientDecorator.java:59)
	at com.netflix.discovery.shared.transport.decorator.SessionedEurekaHttpClient.execute(SessionedEurekaHttpClient.java:76)
	at com.netflix.discovery.shared.transport.decorator.EurekaHttpClientDecorator.register(EurekaHttpClientDecorator.java:56)
	at com.netflix.discovery.DiscoveryClient.register(DiscoveryClient.java:828)
	at com.netflix.discovery.InstanceInfoReplicator.run(InstanceInfoReplicator.java:125)
	at com.netflix.discovery.InstanceInfoReplicator$2.run(InstanceInfoReplicator.java:105)
	at java.base/java.util.concurrent.Executors$RunnableAdapter.call(Executors.java:572)
	at java.base/java.util.concurrent.FutureTask.run(FutureTask.java:317)
	at java.base/java.util.concurrent.ScheduledThreadPoolExecutor$ScheduledFutureTask.run(ScheduledThreadPoolExecutor.java:304)
	at java.base/java.util.concurrent.ThreadPoolExecutor.runWorker(ThreadPoolExecutor.java:1144)
	at java.base/java.util.concurrent.ThreadPoolExecutor$Worker.run(ThreadPoolExecutor.java:642)
	at java.base/java.lang.Thread.run(Thread.java:1583)
Caused by: java.net.ConnectException: Connection refused: getsockopt
	at java.base/sun.nio.ch.Net.pollConnect(Native Method)
	at java.base/sun.nio.ch.Net.pollConnectNow(Net.java:682)
	at java.base/sun.nio.ch.NioSocketImpl.timedFinishConnect(NioSocketImpl.java:542)
	at java.base/sun.nio.ch.NioSocketImpl.connect(NioSocketImpl.java:592)
	at java.base/java.net.Socket.connect(Socket.java:751)
	at java.base/sun.net.NetworkClient.doConnect(NetworkClient.java:178)
	at java.base/sun.net.www.http.HttpClient.openServer(HttpClient.java:531)
	at java.base/sun.net.www.http.HttpClient.openServer(HttpClient.java:636)
	at java.base/sun.net.www.http.HttpClient.<init>(HttpClient.java:280)
	at java.base/sun.net.www.http.HttpClient.New(HttpClient.java:386)
	at java.base/sun.net.www.http.HttpClient.New(HttpClient.java:422)
	at java.base/sun.net.www.protocol.http.HttpURLConnection.setNewClient(HttpURLConnection.java:841)
	at java.base/sun.net.www.protocol.http.HttpURLConnection.setNewClient(HttpURLConnection.java:829)
	at java.base/sun.net.www.protocol.http.HttpURLConnection.writeRequests(HttpURLConnection.java:769)
	at java.base/sun.net.www.protocol.http.HttpURLConnection.getInputStream0(HttpURLConnection.java:1703)
	at java.base/sun.net.www.protocol.http.HttpURLConnection.getInputStream(HttpURLConnection.java:1614)
	at java.base/java.net.HttpURLConnection.getResponseCode(HttpURLConnection.java:531)
	at org.glassfish.jersey.client.internal.HttpUrlConnector._apply(HttpUrlConnector.java:453)
	at org.glassfish.jersey.client.internal.HttpUrlConnector.apply(HttpUrlConnector.java:286)
	... 35 more

2025-09-05T09:48:51.376+05:30  WARN 14500 --- [Patient-Service] [DiscoveryClient-InstanceInfoReplicator-%d] [                                                 ] c.n.d.s.t.d.RetryableEurekaHttpClient    : Request execution failed with message: java.net.ConnectException: Connection refused: getsockopt
2025-09-05T09:48:51.376+05:30  INFO 14500 --- [Patient-Service] [tomcat-shutdown] [                                                 ] o.s.b.w.e.tomcat.GracefulShutdown        : Graceful shutdown complete
2025-09-05T09:48:51.382+05:30  INFO 14500 --- [Patient-Service] [RMI TCP Connection(44)-127.0.0.1] [                                                 ] o.s.c.n.e.server.EurekaServerBootstrap   : Shutting down Eureka Server..
2025-09-05T09:48:51.383+05:30  INFO 14500 --- [Patient-Service] [RMI TCP Connection(44)-127.0.0.1] [                                                 ] c.n.eureka.DefaultEurekaServerContext    : Shutting down ...
2025-09-05T09:48:51.386+05:30  INFO 14500 --- [Patient-Service] [RMI TCP Connection(44)-127.0.0.1] [                                                 ] c.n.eureka.DefaultEurekaServerContext    : Shut down
2025-09-05T09:48:51.386+05:30  INFO 14500 --- [Patient-Service] [RMI TCP Connection(44)-127.0.0.1] [                                                 ] o.s.c.n.e.server.EurekaServerBootstrap   : Eureka Service is now shutdown...
2025-09-05T09:48:51.394+05:30  INFO 14500 --- [Patient-Service] [RMI TCP Connection(44)-127.0.0.1] [                                                 ] c.n.eureka.DefaultEurekaServerContext    : Shutting down ...
2025-09-05T09:48:51.394+05:30  INFO 14500 --- [Patient-Service] [RMI TCP Connection(44)-127.0.0.1] [                                                 ] c.n.eureka.DefaultEurekaServerContext    : Shut down
2025-09-05T09:48:51.385+05:30 ERROR 14500 --- [Patient-Service] [Eureka-Jersey3Client-Conn-Cleaner2] [                                                 ] c.n.d.s.t.j.EurekaJersey3ClientImpl      : Cannot clean connections

java.lang.IllegalStateException: Client instance has been closed.
	at org.glassfish.jersey.internal.guava.Preconditions.checkState(Preconditions.java:169) ~[jersey-common-3.1.11.jar:na]
	at org.glassfish.jersey.client.JerseyClient.checkNotClosed(JerseyClient.java:248) ~[jersey-client-3.1.11.jar:na]
	at org.glassfish.jersey.client.JerseyClient.getConfiguration(JerseyClient.java:363) ~[jersey-client-3.1.11.jar:na]
	at org.glassfish.jersey.client.JerseyClient.getConfiguration(JerseyClient.java:54) ~[jersey-client-3.1.11.jar:na]
	at com.netflix.discovery.shared.transport.jersey3.EurekaJersey3ClientImpl$ConnectionCleanerTask.run(EurekaJersey3ClientImpl.java:338) ~[eureka-client-jersey3-2.0.4.jar:2.0.4]
	at java.base/java.util.concurrent.Executors$RunnableAdapter.call(Executors.java:572) ~[na:na]
	at java.base/java.util.concurrent.FutureTask.run(FutureTask.java:317) ~[na:na]
	at java.base/java.util.concurrent.ScheduledThreadPoolExecutor$ScheduledFutureTask.run(ScheduledThreadPoolExecutor.java:304) ~[na:na]
	at java.base/java.util.concurrent.ThreadPoolExecutor.runWorker(ThreadPoolExecutor.java:1144) ~[na:na]
	at java.base/java.util.concurrent.ThreadPoolExecutor$Worker.run(ThreadPoolExecutor.java:642) ~[na:na]
	at java.base/java.lang.Thread.run(Thread.java:1583) ~[na:na]

2025-09-05T09:48:51.376+05:30  WARN 14500 --- [Patient-Service] [DiscoveryClient-InstanceInfoReplicator-%d] [                                                 ] com.netflix.discovery.DiscoveryClient    : DiscoveryClient_PATIENT-SERVICE/DESKTOP-15PIHQA.lan:Patient-Service:8082 - registration failed Cannot execute request on any known server

com.netflix.discovery.shared.transport.TransportException: Cannot execute request on any known server
	at com.netflix.discovery.shared.transport.decorator.RetryableEurekaHttpClient.execute(RetryableEurekaHttpClient.java:112) ~[eureka-client-2.0.4.jar:2.0.4]
	at com.netflix.discovery.shared.transport.decorator.EurekaHttpClientDecorator.register(EurekaHttpClientDecorator.java:56) ~[eureka-client-2.0.4.jar:2.0.4]
	at com.netflix.discovery.shared.transport.decorator.EurekaHttpClientDecorator$1.execute(EurekaHttpClientDecorator.java:59) ~[eureka-client-2.0.4.jar:2.0.4]
	at com.netflix.discovery.shared.transport.decorator.SessionedEurekaHttpClient.execute(SessionedEurekaHttpClient.java:76) ~[eureka-client-2.0.4.jar:2.0.4]
	at com.netflix.discovery.shared.transport.decorator.EurekaHttpClientDecorator.register(EurekaHttpClientDecorator.java:56) ~[eureka-client-2.0.4.jar:2.0.4]
	at com.netflix.discovery.DiscoveryClient.register(DiscoveryClient.java:828) ~[eureka-client-2.0.4.jar:2.0.4]
	at com.netflix.discovery.InstanceInfoReplicator.run(InstanceInfoReplicator.java:125) ~[eureka-client-2.0.4.jar:2.0.4]
	at com.netflix.discovery.InstanceInfoReplicator$2.run(InstanceInfoReplicator.java:105) ~[eureka-client-2.0.4.jar:2.0.4]
	at java.base/java.util.concurrent.Executors$RunnableAdapter.call(Executors.java:572) ~[na:na]
	at java.base/java.util.concurrent.FutureTask.run(FutureTask.java:317) ~[na:na]
	at java.base/java.util.concurrent.ScheduledThreadPoolExecutor$ScheduledFutureTask.run(ScheduledThreadPoolExecutor.java:304) ~[na:na]
	at java.base/java.util.concurrent.ThreadPoolExecutor.runWorker(ThreadPoolExecutor.java:1144) ~[na:na]
	at java.base/java.util.concurrent.ThreadPoolExecutor$Worker.run(ThreadPoolExecutor.java:642) ~[na:na]
	at java.base/java.lang.Thread.run(Thread.java:1583) ~[na:na]

2025-09-05T09:48:51.397+05:30  WARN 14500 --- [Patient-Service] [DiscoveryClient-InstanceInfoReplicator-%d] [                                                 ] c.n.discovery.InstanceInfoReplicator     : There was a problem with the instance info replicator

com.netflix.discovery.shared.transport.TransportException: Cannot execute request on any known server
	at com.netflix.discovery.shared.transport.decorator.RetryableEurekaHttpClient.execute(RetryableEurekaHttpClient.java:112) ~[eureka-client-2.0.4.jar:2.0.4]
	at com.netflix.discovery.shared.transport.decorator.EurekaHttpClientDecorator.register(EurekaHttpClientDecorator.java:56) ~[eureka-client-2.0.4.jar:2.0.4]
	at com.netflix.discovery.shared.transport.decorator.EurekaHttpClientDecorator$1.execute(EurekaHttpClientDecorator.java:59) ~[eureka-client-2.0.4.jar:2.0.4]
	at com.netflix.discovery.shared.transport.decorator.SessionedEurekaHttpClient.execute(SessionedEurekaHttpClient.java:76) ~[eureka-client-2.0.4.jar:2.0.4]
	at com.netflix.discovery.shared.transport.decorator.EurekaHttpClientDecorator.register(EurekaHttpClientDecorator.java:56) ~[eureka-client-2.0.4.jar:2.0.4]
	at com.netflix.discovery.DiscoveryClient.register(DiscoveryClient.java:828) ~[eureka-client-2.0.4.jar:2.0.4]
	at com.netflix.discovery.InstanceInfoReplicator.run(InstanceInfoReplicator.java:125) ~[eureka-client-2.0.4.jar:2.0.4]
	at com.netflix.discovery.InstanceInfoReplicator$2.run(InstanceInfoReplicator.java:105) ~[eureka-client-2.0.4.jar:2.0.4]
	at java.base/java.util.concurrent.Executors$RunnableAdapter.call(Executors.java:572) ~[na:na]
	at java.base/java.util.concurrent.FutureTask.run(FutureTask.java:317) ~[na:na]
	at java.base/java.util.concurrent.ScheduledThreadPoolExecutor$ScheduledFutureTask.run(ScheduledThreadPoolExecutor.java:304) ~[na:na]
	at java.base/java.util.concurrent.ThreadPoolExecutor.runWorker(ThreadPoolExecutor.java:1144) ~[na:na]
	at java.base/java.util.concurrent.ThreadPoolExecutor$Worker.run(ThreadPoolExecutor.java:642) ~[na:na]
	at java.base/java.lang.Thread.run(Thread.java:1583) ~[na:na]

2025-09-05T09:48:51.416+05:30  INFO 14500 --- [Patient-Service] [RMI TCP Connection(44)-127.0.0.1] [                                                 ] j.LocalContainerEntityManagerFactoryBean : Closing JPA EntityManagerFactory for persistence unit 'default'
2025-09-05T09:48:51.448+05:30  INFO 14500 --- [Patient-Service] [RMI TCP Connection(44)-127.0.0.1] [                                                 ] com.zaxxer.hikari.HikariDataSource       : HikariPool-1 - Shutdown initiated...
2025-09-05T09:48:51.454+05:30  INFO 14500 --- [Patient-Service] [RMI TCP Connection(44)-127.0.0.1] [                                                 ] com.zaxxer.hikari.HikariDataSource       : HikariPool-1 - Shutdown completed.
2025-09-05T09:48:52.464+05:30  INFO 14500 --- [Patient-Service] [RMI TCP Connection(44)-127.0.0.1] [                                                 ] com.netflix.discovery.DiscoveryClient    : Shutting down DiscoveryClient ...
2025-09-05T09:48:55.466+05:30  INFO 14500 --- [Patient-Service] [RMI TCP Connection(44)-127.0.0.1] [                                                 ] com.netflix.discovery.DiscoveryClient    : Unregistering ...
2025-09-05T09:48:55.490+05:30  INFO 14500 --- [Patient-Service] [RMI TCP Connection(44)-127.0.0.1] [                                                 ] c.n.d.s.t.d.RedirectingEurekaHttpClient  : Request execution error. endpoint=DefaultEndpoint{ serviceUrl='http://localhost:8761/eureka/}, exception=java.net.ConnectException: Connection refused: getsockopt stacktrace=jakarta.ws.rs.ProcessingException: java.net.ConnectException: Connection refused: getsockopt
	at org.glassfish.jersey.client.internal.HttpUrlConnector.apply(HttpUrlConnector.java:288)
	at org.glassfish.jersey.client.ClientRuntime.invoke(ClientRuntime.java:300)
	at org.glassfish.jersey.client.JerseyInvocation.lambda$invoke$0(JerseyInvocation.java:674)
	at org.glassfish.jersey.client.JerseyInvocation.call(JerseyInvocation.java:709)
	at org.glassfish.jersey.client.JerseyInvocation.lambda$runInScope$3(JerseyInvocation.java:703)
	at org.glassfish.jersey.internal.Errors.process(Errors.java:292)
	at org.glassfish.jersey.internal.Errors.process(Errors.java:274)
	at org.glassfish.jersey.internal.Errors.process(Errors.java:205)
	at org.glassfish.jersey.process.internal.RequestScope.runInScope(RequestScope.java:391)
	at org.glassfish.jersey.client.JerseyInvocation.runInScope(JerseyInvocation.java:703)
	at org.glassfish.jersey.client.JerseyInvocation.invoke(JerseyInvocation.java:673)
	at org.glassfish.jersey.client.JerseyInvocation$Builder.method(JerseyInvocation.java:413)
	at org.glassfish.jersey.client.JerseyInvocation$Builder.delete(JerseyInvocation.java:362)
	at com.netflix.discovery.shared.transport.jersey3.AbstractJersey3EurekaHttpClient.cancel(AbstractJersey3EurekaHttpClient.java:120)
	at com.netflix.discovery.shared.transport.decorator.EurekaHttpClientDecorator$2.execute(EurekaHttpClientDecorator.java:74)
	at com.netflix.discovery.shared.transport.decorator.MetricsCollectingEurekaHttpClient.execute(MetricsCollectingEurekaHttpClient.java:70)
	at com.netflix.discovery.shared.transport.decorator.EurekaHttpClientDecorator.cancel(EurekaHttpClientDecorator.java:71)
	at com.netflix.discovery.shared.transport.decorator.EurekaHttpClientDecorator$2.execute(EurekaHttpClientDecorator.java:74)
	at com.netflix.discovery.shared.transport.decorator.RedirectingEurekaHttpClient.executeOnNewServer(RedirectingEurekaHttpClient.java:121)
	at com.netflix.discovery.shared.transport.decorator.RedirectingEurekaHttpClient.execute(RedirectingEurekaHttpClient.java:80)
	at com.netflix.discovery.shared.transport.decorator.EurekaHttpClientDecorator.cancel(EurekaHttpClientDecorator.java:71)
	at com.netflix.discovery.shared.transport.decorator.EurekaHttpClientDecorator$2.execute(EurekaHttpClientDecorator.java:74)
	at com.netflix.discovery.shared.transport.decorator.RetryableEurekaHttpClient.execute(RetryableEurekaHttpClient.java:120)
	at com.netflix.discovery.shared.transport.decorator.EurekaHttpClientDecorator.cancel(EurekaHttpClientDecorator.java:71)
	at com.netflix.discovery.shared.transport.decorator.EurekaHttpClientDecorator$2.execute(EurekaHttpClientDecorator.java:74)
	at com.netflix.discovery.shared.transport.decorator.SessionedEurekaHttpClient.execute(SessionedEurekaHttpClient.java:76)
	at com.netflix.discovery.shared.transport.decorator.EurekaHttpClientDecorator.cancel(EurekaHttpClientDecorator.java:71)
	at com.netflix.discovery.DiscoveryClient.unregister(DiscoveryClient.java:919)
	at com.netflix.discovery.DiscoveryClient.shutdown(DiscoveryClient.java:900)
	at java.base/jdk.internal.reflect.DirectMethodHandleAccessor.invoke(DirectMethodHandleAccessor.java:103)
	at java.base/java.lang.reflect.Method.invoke(Method.java:580)
	at org.springframework.beans.factory.annotation.InitDestroyAnnotationBeanPostProcessor$LifecycleMethod.invoke(InitDestroyAnnotationBeanPostProcessor.java:457)
	at org.springframework.beans.factory.annotation.InitDestroyAnnotationBeanPostProcessor$LifecycleMetadata.invokeDestroyMethods(InitDestroyAnnotationBeanPostProcessor.java:415)
	at org.springframework.beans.factory.annotation.InitDestroyAnnotationBeanPostProcessor.postProcessBeforeDestruction(InitDestroyAnnotationBeanPostProcessor.java:239)
	at org.springframework.beans.factory.support.DisposableBeanAdapter.destroy(DisposableBeanAdapter.java:202)
	at org.springframework.beans.factory.support.DisposableBeanAdapter.run(DisposableBeanAdapter.java:195)
	at org.springframework.cloud.context.scope.GenericScope$BeanLifecycleWrapper.destroy(GenericScope.java:387)
	at org.springframework.cloud.context.scope.GenericScope.destroy(GenericScope.java:134)
	at org.springframework.beans.factory.support.DisposableBeanAdapter.destroy(DisposableBeanAdapter.java:211)
	at org.springframework.beans.factory.support.DefaultSingletonBeanRegistry.destroyBean(DefaultSingletonBeanRegistry.java:798)
	at org.springframework.beans.factory.support.DefaultSingletonBeanRegistry.destroySingleton(DefaultSingletonBeanRegistry.java:748)
	at org.springframework.beans.factory.support.DefaultListableBeanFactory.destroySingleton(DefaultListableBeanFactory.java:1481)
	at org.springframework.beans.factory.support.DefaultSingletonBeanRegistry.destroySingletons(DefaultSingletonBeanRegistry.java:707)
	at org.springframework.beans.factory.support.DefaultListableBeanFactory.destroySingletons(DefaultListableBeanFactory.java:1474)
	at org.springframework.context.support.AbstractApplicationContext.destroyBeans(AbstractApplicationContext.java:1219)
	at org.springframework.context.support.AbstractApplicationContext.doClose(AbstractApplicationContext.java:1180)
	at org.springframework.boot.web.servlet.context.ServletWebServerApplicationContext.doClose(ServletWebServerApplicationContext.java:179)
	at org.springframework.context.support.AbstractApplicationContext.close(AbstractApplicationContext.java:1126)
	at org.springframework.boot.admin.SpringApplicationAdminMXBeanRegistrar$SpringApplicationAdmin.shutdown(SpringApplicationAdminMXBeanRegistrar.java:160)
	at java.base/jdk.internal.reflect.DirectMethodHandleAccessor.invoke(DirectMethodHandleAccessor.java:103)
	at java.base/java.lang.reflect.Method.invoke(Method.java:580)
	at sun.reflect.misc.Trampoline.invoke(MethodUtil.java:64)
	at java.base/jdk.internal.reflect.DirectMethodHandleAccessor.invoke(DirectMethodHandleAccessor.java:103)
	at java.base/java.lang.reflect.Method.invoke(Method.java:580)
	at java.base/sun.reflect.misc.MethodUtil.invoke(MethodUtil.java:97)
	at java.management/com.sun.jmx.mbeanserver.ConvertingMethod.invokeWithOpenReturn(ConvertingMethod.java:193)
	at java.management/com.sun.jmx.mbeanserver.ConvertingMethod.invokeWithOpenReturn(ConvertingMethod.java:175)
	at java.management/com.sun.jmx.mbeanserver.MXBeanIntrospector.invokeM2(MXBeanIntrospector.java:115)
	at java.management/com.sun.jmx.mbeanserver.MXBeanIntrospector.invokeM2(MXBeanIntrospector.java:52)
	at java.management/com.sun.jmx.mbeanserver.MBeanIntrospector.invokeM(MBeanIntrospector.java:236)
	at java.management/com.sun.jmx.mbeanserver.PerInterface.invoke(PerInterface.java:138)
	at java.management/com.sun.jmx.mbeanserver.MBeanSupport.invoke(MBeanSupport.java:252)
	at java.management/com.sun.jmx.interceptor.DefaultMBeanServerInterceptor.invoke(DefaultMBeanServerInterceptor.java:803)
	at java.management/com.sun.jmx.mbeanserver.JmxMBeanServer.invoke(JmxMBeanServer.java:802)
	at java.management.rmi/javax.management.remote.rmi.RMIConnectionImpl.doOperation(RMIConnectionImpl.java:1472)
	at java.management.rmi/javax.management.remote.rmi.RMIConnectionImpl$PrivilegedOperation.run(RMIConnectionImpl.java:1310)
	at java.management.rmi/javax.management.remote.rmi.RMIConnectionImpl.doPrivilegedOperation(RMIConnectionImpl.java:1405)
	at java.management.rmi/javax.management.remote.rmi.RMIConnectionImpl.invoke(RMIConnectionImpl.java:829)
	at java.base/jdk.internal.reflect.DirectMethodHandleAccessor.invoke(DirectMethodHandleAccessor.java:103)
	at java.base/java.lang.reflect.Method.invoke(Method.java:580)
	at java.rmi/sun.rmi.server.UnicastServerRef.dispatch(UnicastServerRef.java:360)
	at java.rmi/sun.rmi.transport.Transport$1.run(Transport.java:200)
	at java.rmi/sun.rmi.transport.Transport$1.run(Transport.java:197)
	at java.base/java.security.AccessController.doPrivileged(AccessController.java:714)
	at java.rmi/sun.rmi.transport.Transport.serviceCall(Transport.java:196)
	at java.rmi/sun.rmi.transport.tcp.TCPTransport.handleMessages(TCPTransport.java:598)
	at java.rmi/sun.rmi.transport.tcp.TCPTransport$ConnectionHandler.run0(TCPTransport.java:844)
	at java.rmi/sun.rmi.transport.tcp.TCPTransport$ConnectionHandler.lambda$run$0(TCPTransport.java:721)
	at java.base/java.security.AccessController.doPrivileged(AccessController.java:400)
	at java.rmi/sun.rmi.transport.tcp.TCPTransport$ConnectionHandler.run(TCPTransport.java:720)
	at java.base/java.util.concurrent.ThreadPoolExecutor.runWorker(ThreadPoolExecutor.java:1144)
	at java.base/java.util.concurrent.ThreadPoolExecutor$Worker.run(ThreadPoolExecutor.java:642)
	at java.base/java.lang.Thread.run(Thread.java:1583)
Caused by: java.net.ConnectException: Connection refused: getsockopt
	at java.base/sun.nio.ch.Net.pollConnect(Native Method)
	at java.base/sun.nio.ch.Net.pollConnectNow(Net.java:682)
	at java.base/sun.nio.ch.NioSocketImpl.timedFinishConnect(NioSocketImpl.java:542)
	at java.base/sun.nio.ch.NioSocketImpl.connect(NioSocketImpl.java:592)
	at java.base/java.net.Socket.connect(Socket.java:751)
	at java.base/sun.net.NetworkClient.doConnect(NetworkClient.java:178)
	at java.base/sun.net.www.http.HttpClient.openServer(HttpClient.java:531)
	at java.base/sun.net.www.http.HttpClient.openServer(HttpClient.java:636)
	at java.base/sun.net.www.http.HttpClient.<init>(HttpClient.java:280)
	at java.base/sun.net.www.http.HttpClient.New(HttpClient.java:386)
	at java.base/sun.net.www.http.HttpClient.New(HttpClient.java:408)
	at java.base/sun.net.www.protocol.http.HttpURLConnection.getNewHttpClient(HttpURLConnection.java:1319)
	at java.base/sun.net.www.protocol.http.HttpURLConnection.plainConnect0(HttpURLConnection.java:1252)
	at java.base/sun.net.www.protocol.http.HttpURLConnection.plainConnect(HttpURLConnection.java:1138)
	at java.base/sun.net.www.protocol.http.HttpURLConnection.connect(HttpURLConnection.java:1067)
	at java.base/sun.net.www.protocol.http.HttpURLConnection.getInputStream0(HttpURLConnection.java:1690)
	at java.base/sun.net.www.protocol.http.HttpURLConnection.getInputStream(HttpURLConnection.java:1614)
	at java.base/java.net.HttpURLConnection.getResponseCode(HttpURLConnection.java:531)
	at org.glassfish.jersey.client.internal.HttpUrlConnector._apply(HttpUrlConnector.java:453)
	at org.glassfish.jersey.client.internal.HttpUrlConnector.apply(HttpUrlConnector.java:286)
	... 82 more

2025-09-05T09:48:55.490+05:30  WARN 14500 --- [Patient-Service] [RMI TCP Connection(44)-127.0.0.1] [                                                 ] c.n.d.s.t.d.RetryableEurekaHttpClient    : Request execution failed with message: java.net.ConnectException: Connection refused: getsockopt
2025-09-05T09:48:55.490+05:30 ERROR 14500 --- [Patient-Service] [RMI TCP Connection(44)-127.0.0.1] [                                                 ] com.netflix.discovery.DiscoveryClient    : DiscoveryClient_PATIENT-SERVICE/DESKTOP-15PIHQA.lan:Patient-Service:8082 - de-registration failedCannot execute request on any known server

com.netflix.discovery.shared.transport.TransportException: Cannot execute request on any known server
	at com.netflix.discovery.shared.transport.decorator.RetryableEurekaHttpClient.execute(RetryableEurekaHttpClient.java:112) ~[eureka-client-2.0.4.jar:2.0.4]
	at com.netflix.discovery.shared.transport.decorator.EurekaHttpClientDecorator.cancel(EurekaHttpClientDecorator.java:71) ~[eureka-client-2.0.4.jar:2.0.4]
	at com.netflix.discovery.shared.transport.decorator.EurekaHttpClientDecorator$2.execute(EurekaHttpClientDecorator.java:74) ~[eureka-client-2.0.4.jar:2.0.4]
	at com.netflix.discovery.shared.transport.decorator.SessionedEurekaHttpClient.execute(SessionedEurekaHttpClient.java:76) ~[eureka-client-2.0.4.jar:2.0.4]
	at com.netflix.discovery.shared.transport.decorator.EurekaHttpClientDecorator.cancel(EurekaHttpClientDecorator.java:71) ~[eureka-client-2.0.4.jar:2.0.4]
	at com.netflix.discovery.DiscoveryClient.unregister(DiscoveryClient.java:919) ~[eureka-client-2.0.4.jar:2.0.4]
	at com.netflix.discovery.DiscoveryClient.shutdown(DiscoveryClient.java:900) ~[eureka-client-2.0.4.jar:2.0.4]
	at java.base/jdk.internal.reflect.DirectMethodHandleAccessor.invoke(DirectMethodHandleAccessor.java:103) ~[na:na]
	at java.base/java.lang.reflect.Method.invoke(Method.java:580) ~[na:na]
	at org.springframework.beans.factory.annotation.InitDestroyAnnotationBeanPostProcessor$LifecycleMethod.invoke(InitDestroyAnnotationBeanPostProcessor.java:457) ~[spring-beans-6.2.10.jar:6.2.10]
	at org.springframework.beans.factory.annotation.InitDestroyAnnotationBeanPostProcessor$LifecycleMetadata.invokeDestroyMethods(InitDestroyAnnotationBeanPostProcessor.java:415) ~[spring-beans-6.2.10.jar:6.2.10]
	at org.springframework.beans.factory.annotation.InitDestroyAnnotationBeanPostProcessor.postProcessBeforeDestruction(InitDestroyAnnotationBeanPostProcessor.java:239) ~[spring-beans-6.2.10.jar:6.2.10]
	at org.springframework.beans.factory.support.DisposableBeanAdapter.destroy(DisposableBeanAdapter.java:202) ~[spring-beans-6.2.10.jar:6.2.10]
	at org.springframework.beans.factory.support.DisposableBeanAdapter.run(DisposableBeanAdapter.java:195) ~[spring-beans-6.2.10.jar:6.2.10]
	at org.springframework.cloud.context.scope.GenericScope$BeanLifecycleWrapper.destroy(GenericScope.java:387) ~[spring-cloud-context-4.3.0.jar:4.3.0]
	at org.springframework.cloud.context.scope.GenericScope.destroy(GenericScope.java:134) ~[spring-cloud-context-4.3.0.jar:4.3.0]
	at org.springframework.beans.factory.support.DisposableBeanAdapter.destroy(DisposableBeanAdapter.java:211) ~[spring-beans-6.2.10.jar:6.2.10]
	at org.springframework.beans.factory.support.DefaultSingletonBeanRegistry.destroyBean(DefaultSingletonBeanRegistry.java:798) ~[spring-beans-6.2.10.jar:6.2.10]
	at org.springframework.beans.factory.support.DefaultSingletonBeanRegistry.destroySingleton(DefaultSingletonBeanRegistry.java:748) ~[spring-beans-6.2.10.jar:6.2.10]
	at org.springframework.beans.factory.support.DefaultListableBeanFactory.destroySingleton(DefaultListableBeanFactory.java:1481) ~[spring-beans-6.2.10.jar:6.2.10]
	at org.springframework.beans.factory.support.DefaultSingletonBeanRegistry.destroySingletons(DefaultSingletonBeanRegistry.java:707) ~[spring-beans-6.2.10.jar:6.2.10]
	at org.springframework.beans.factory.support.DefaultListableBeanFactory.destroySingletons(DefaultListableBeanFactory.java:1474) ~[spring-beans-6.2.10.jar:6.2.10]
	at org.springframework.context.support.AbstractApplicationContext.destroyBeans(AbstractApplicationContext.java:1219) ~[spring-context-6.2.10.jar:6.2.10]
	at org.springframework.context.support.AbstractApplicationContext.doClose(AbstractApplicationContext.java:1180) ~[spring-context-6.2.10.jar:6.2.10]
	at org.springframework.boot.web.servlet.context.ServletWebServerApplicationContext.doClose(ServletWebServerApplicationContext.java:179) ~[spring-boot-3.5.5.jar:3.5.5]
	at org.springframework.context.support.AbstractApplicationContext.close(AbstractApplicationContext.java:1126) ~[spring-context-6.2.10.jar:6.2.10]
	at org.springframework.boot.admin.SpringApplicationAdminMXBeanRegistrar$SpringApplicationAdmin.shutdown(SpringApplicationAdminMXBeanRegistrar.java:160) ~[spring-boot-3.5.5.jar:3.5.5]
	at java.base/jdk.internal.reflect.DirectMethodHandleAccessor.invoke(DirectMethodHandleAccessor.java:103) ~[na:na]
	at java.base/java.lang.reflect.Method.invoke(Method.java:580) ~[na:na]
	at sun.reflect.misc.Trampoline.invoke(MethodUtil.java:64) ~[na:na]
	at java.base/jdk.internal.reflect.DirectMethodHandleAccessor.invoke(DirectMethodHandleAccessor.java:103) ~[na:na]
	at java.base/java.lang.reflect.Method.invoke(Method.java:580) ~[na:na]
	at java.base/sun.reflect.misc.MethodUtil.invoke(MethodUtil.java:97) ~[na:na]
	at java.management/com.sun.jmx.mbeanserver.ConvertingMethod.invokeWithOpenReturn(ConvertingMethod.java:193) ~[na:na]
	at java.management/com.sun.jmx.mbeanserver.ConvertingMethod.invokeWithOpenReturn(ConvertingMethod.java:175) ~[na:na]
	at java.management/com.sun.jmx.mbeanserver.MXBeanIntrospector.invokeM2(MXBeanIntrospector.java:115) ~[na:na]
	at java.management/com.sun.jmx.mbeanserver.MXBeanIntrospector.invokeM2(MXBeanIntrospector.java:52) ~[na:na]
	at java.management/com.sun.jmx.mbeanserver.MBeanIntrospector.invokeM(MBeanIntrospector.java:236) ~[na:na]
	at java.management/com.sun.jmx.mbeanserver.PerInterface.invoke(PerInterface.java:138) ~[na:na]
	at java.management/com.sun.jmx.mbeanserver.MBeanSupport.invoke(MBeanSupport.java:252) ~[na:na]
	at java.management/com.sun.jmx.interceptor.DefaultMBeanServerInterceptor.invoke(DefaultMBeanServerInterceptor.java:803) ~[na:na]
	at java.management/com.sun.jmx.mbeanserver.JmxMBeanServer.invoke(JmxMBeanServer.java:802) ~[na:na]
	at java.management.rmi/javax.management.remote.rmi.RMIConnectionImpl.doOperation(RMIConnectionImpl.java:1472) ~[na:na]
	at java.management.rmi/javax.management.remote.rmi.RMIConnectionImpl$PrivilegedOperation.run(RMIConnectionImpl.java:1310) ~[na:na]
	at java.management.rmi/javax.management.remote.rmi.RMIConnectionImpl.doPrivilegedOperation(RMIConnectionImpl.java:1405) ~[na:na]
	at java.management.rmi/javax.management.remote.rmi.RMIConnectionImpl.invoke(RMIConnectionImpl.java:829) ~[na:na]
	at java.base/jdk.internal.reflect.DirectMethodHandleAccessor.invoke(DirectMethodHandleAccessor.java:103) ~[na:na]
	at java.base/java.lang.reflect.Method.invoke(Method.java:580) ~[na:na]
	at java.rmi/sun.rmi.server.UnicastServerRef.dispatch(UnicastServerRef.java:360) ~[na:na]
	at java.rmi/sun.rmi.transport.Transport$1.run(Transport.java:200) ~[na:na]
	at java.rmi/sun.rmi.transport.Transport$1.run(Transport.java:197) ~[na:na]
	at java.base/java.security.AccessController.doPrivileged(AccessController.java:714) ~[na:na]
	at java.rmi/sun.rmi.transport.Transport.serviceCall(Transport.java:196) ~[na:na]
	at java.rmi/sun.rmi.transport.tcp.TCPTransport.handleMessages(TCPTransport.java:598) ~[na:na]
	at java.rmi/sun.rmi.transport.tcp.TCPTransport$ConnectionHandler.run0(TCPTransport.java:844) ~[na:na]
	at java.rmi/sun.rmi.transport.tcp.TCPTransport$ConnectionHandler.lambda$run$0(TCPTransport.java:721) ~[na:na]
	at java.base/java.security.AccessController.doPrivileged(AccessController.java:400) ~[na:na]
	at java.rmi/sun.rmi.transport.tcp.TCPTransport$ConnectionHandler.run(TCPTransport.java:720) ~[na:na]
	at java.base/java.util.concurrent.ThreadPoolExecutor.runWorker(ThreadPoolExecutor.java:1144) ~[na:na]
	at java.base/java.util.concurrent.ThreadPoolExecutor$Worker.run(ThreadPoolExecutor.java:642) ~[na:na]
	at java.base/java.lang.Thread.run(Thread.java:1583) ~[na:na]

2025-09-05T09:48:55.505+05:30  INFO 14500 --- [Patient-Service] [RMI TCP Connection(44)-127.0.0.1] [                                                 ] com.netflix.discovery.DiscoveryClient    : Completed shut down of DiscoveryClient
